2019-10-11 17:13:13.670 - INFO  [      Thread-21] c.s.AbstractApplicationContext : Closing org.springframework.boot.web.servlet.context.AnnotationConfigServletWebServerApplicationContext@2fc0268: startup date [Fri Oct 11 17:01:43 CST 2019]; root of context hierarchy
2019-10-11 17:13:13.674 - INFO  [      Thread-21] ecycleProcessor$LifecycleGroup : Stopping beans in phase 2147483647
2019-10-11 17:13:13.675 - INFO  [      Thread-21] o.s.j.e.MBeanExporter          : Unregistering JMX-exposed beans on shutdown
2019-10-11 17:13:13.676 - INFO  [      Thread-21] s.j.s.MBeanRegistrationSupport : Unregistering JMX-exposed beans
2019-10-11 17:13:13.681 - INFO  [      Thread-21] stractEntityManagerFactoryBean : Closing JPA EntityManagerFactory for persistence unit 'default'
2019-10-11 17:13:13.686 - INFO  [      Thread-21] c.a.d.s.l.Log4j2Impl           : {dataSource-1} closed
2019-10-11 17:13:14.425 - INFO  [  restartedMain] o.s.b.StartupInfoLogger        : Starting ServiceWeiXinApplication on DESKTOP-XPsxiaomi with PID 3964 (started by 10553 in C:\Users\10553\Desktop\理发店预约平台(JPA版)\hairstyle)
2019-10-11 17:13:14.426 - INFO  [  restartedMain] o.s.b.SpringApplication        : No active profile set, falling back to default profiles: default
2019-10-11 17:13:14.429 - INFO  [  restartedMain] c.s.AbstractApplicationContext : Refreshing org.springframework.boot.web.servlet.context.AnnotationConfigServletWebServerApplicationContext@17806eb: startup date [Fri Oct 11 17:13:14 CST 2019]; root of context hierarchy
2019-10-11 17:13:14.966 - INFO  [  restartedMain] f.s.DefaultListableBeanFactory : Overriding bean definition for bean 'oSSClient' with a different definition: replacing [Root bean: class [null]; scope=; abstract=false; lazyInit=false; autowireMode=3; dependencyCheck=0; autowireCandidate=true; primary=false; factoryBeanName=ossConfiguration; factoryMethodName=oSSClient; initMethodName=null; destroyMethodName=(inferred); defined in class path resource [com/gaocimi/flashpig/configuration/oss/OssConfiguration.class]] with [Root bean: class [null]; scope=; abstract=false; lazyInit=false; autowireMode=3; dependencyCheck=0; autowireCandidate=true; primary=false; factoryBeanName=wxMaConfiguration; factoryMethodName=oSSClient; initMethodName=null; destroyMethodName=(inferred); defined in class path resource [com/gaocimi/flashpig/configuration/wechatapp/WxMaConfiguration.class]]
2019-10-11 17:13:15.016 - WARN  [  restartedMain] o.m.s.m.ClassPathMapperScanner : No MyBatis mapper was found in '[com.gaocimi.flashpig]' package. Please check your configuration.
2019-10-11 17:13:15.071 - INFO  [  restartedMain] c.s.AbstractApplicationContext : Closing org.springframework.boot.web.servlet.context.AnnotationConfigServletWebServerApplicationContext@17806eb: startup date [Fri Oct 11 17:13:14 CST 2019]; root of context hierarchy
2019-10-11 17:13:26.503 - INFO  [  restartedMain] o.s.b.StartupInfoLogger        : Starting ServiceWeiXinApplication on DESKTOP-XPsxiaomi with PID 3964 (started by 10553 in C:\Users\10553\Desktop\理发店预约平台(JPA版)\hairstyle)
2019-10-11 17:13:26.504 - INFO  [  restartedMain] o.s.b.SpringApplication        : No active profile set, falling back to default profiles: default
2019-10-11 17:13:26.509 - INFO  [  restartedMain] c.s.AbstractApplicationContext : Refreshing org.springframework.boot.web.servlet.context.AnnotationConfigServletWebServerApplicationContext@11ea7e12: startup date [Fri Oct 11 17:13:26 CST 2019]; root of context hierarchy
2019-10-11 17:13:27.461 - INFO  [  restartedMain] f.s.DefaultListableBeanFactory : Overriding bean definition for bean 'oSSClient' with a different definition: replacing [Root bean: class [null]; scope=; abstract=false; lazyInit=false; autowireMode=3; dependencyCheck=0; autowireCandidate=true; primary=false; factoryBeanName=ossConfiguration; factoryMethodName=oSSClient; initMethodName=null; destroyMethodName=(inferred); defined in class path resource [com/gaocimi/flashpig/configuration/oss/OssConfiguration.class]] with [Root bean: class [null]; scope=; abstract=false; lazyInit=false; autowireMode=3; dependencyCheck=0; autowireCandidate=true; primary=false; factoryBeanName=wxMaConfiguration; factoryMethodName=oSSClient; initMethodName=null; destroyMethodName=(inferred); defined in class path resource [com/gaocimi/flashpig/configuration/wechatapp/WxMaConfiguration.class]]
2019-10-11 17:13:27.519 - WARN  [  restartedMain] o.m.s.m.ClassPathMapperScanner : No MyBatis mapper was found in '[com.gaocimi.flashpig]' package. Please check your configuration.
2019-10-11 17:13:27.669 - INFO  [  restartedMain] egate$BeanPostProcessorChecker : Bean 'druidDataSourceConfig' of type [com.gaocimi.flashpig.configuration.druid.DruidDataSourceConfig$$EnhancerBySpringCGLIB$$31370d5b] is not eligible for getting processed by all BeanPostProcessors (for example: not eligible for auto-proxying)
2019-10-11 17:13:27.686 - INFO  [  restartedMain] egate$BeanPostProcessorChecker : Bean 'org.springframework.transaction.annotation.ProxyTransactionManagementConfiguration' of type [org.springframework.transaction.annotation.ProxyTransactionManagementConfiguration$$EnhancerBySpringCGLIB$$eb714afd] is not eligible for getting processed by all BeanPostProcessors (for example: not eligible for auto-proxying)
2019-10-11 17:13:27.821 - INFO  [  restartedMain] o.s.b.w.e.t.TomcatWebServer    : Tomcat initialized with port(s): 8080 (http)
2019-10-11 17:13:27.822 - INFO  [  restartedMain] o.a.j.l.DirectJDKLog           : Initializing ProtocolHandler ["http-nio-8080"]
2019-10-11 17:13:27.823 - INFO  [  restartedMain] o.a.j.l.DirectJDKLog           : Starting service [Tomcat]
2019-10-11 17:13:27.823 - INFO  [  restartedMain] o.a.j.l.DirectJDKLog           : Starting Servlet Engine: Apache Tomcat/8.5.29
2019-10-11 17:13:27.824 - INFO  [ost-startStop-1] o.a.j.l.DirectJDKLog           : Loaded APR based Apache Tomcat Native library [1.2.21] using APR version [1.6.5].
2019-10-11 17:13:27.824 - INFO  [ost-startStop-1] o.a.j.l.DirectJDKLog           : APR capabilities: IPv6 [true], sendfile [true], accept filters [false], random [true].
2019-10-11 17:13:27.825 - INFO  [ost-startStop-1] o.a.j.l.DirectJDKLog           : APR/OpenSSL configuration: useAprConnector [false], useOpenSSL [true]
2019-10-11 17:13:27.825 - INFO  [ost-startStop-1] o.a.j.l.DirectJDKLog           : OpenSSL successfully initialized [OpenSSL 1.1.1a  20 Nov 2018]
2019-10-11 17:13:27.857 - INFO  [ost-startStop-1] o.a.j.l.DirectJDKLog           : Initializing Spring embedded WebApplicationContext
2019-10-11 17:13:27.857 - INFO  [ost-startStop-1] letWebServerApplicationContext : Root WebApplicationContext: initialization completed in 1348 ms
2019-10-11 17:13:27.901 - INFO  [ost-startStop-1] .b.w.s.ServletRegistrationBean : Servlet statViewServlet mapped to [/druid/*]
2019-10-11 17:13:27.902 - INFO  [ost-startStop-1] .b.w.s.ServletRegistrationBean : Servlet dispatcherServlet mapped to [/]
2019-10-11 17:13:27.902 - INFO  [ost-startStop-1] AbstractFilterRegistrationBean : Mapping filter: 'characterEncodingFilter' to: [/*]
2019-10-11 17:13:27.902 - INFO  [ost-startStop-1] AbstractFilterRegistrationBean : Mapping filter: 'hiddenHttpMethodFilter' to: [/*]
2019-10-11 17:13:27.902 - INFO  [ost-startStop-1] AbstractFilterRegistrationBean : Mapping filter: 'httpPutFormContentFilter' to: [/*]
2019-10-11 17:13:27.902 - INFO  [ost-startStop-1] AbstractFilterRegistrationBean : Mapping filter: 'requestContextFilter' to: [/*]
2019-10-11 17:13:27.903 - INFO  [ost-startStop-1] AbstractFilterRegistrationBean : Mapping filter: 'webStatFilter' to urls: [/*]
2019-10-11 17:13:27.958 - INFO  [  restartedMain] c.a.d.s.l.Log4j2Impl           : {dataSource-2} inited
2019-10-11 17:13:27.979 - INFO  [  restartedMain] tainerEntityManagerFactoryBean : Building JPA container EntityManagerFactory for persistence unit 'default'
2019-10-11 17:13:27.979 - INFO  [  restartedMain] o.h.j.i.u.LogHelper            : HHH000204: Processing PersistenceUnitInfo [
	name: default
	...]
2019-10-11 17:13:28.011 - INFO  [  restartedMain] o.h.d.Dialect                  : HHH000400: Using dialect: org.hibernate.dialect.MySQL5Dialect
2019-10-11 17:13:28.107 - INFO  [  restartedMain] stractEntityManagerFactoryBean : Initialized JPA EntityManagerFactory for persistence unit 'default'
2019-10-11 17:13:28.636 - WARN  [  restartedMain] uration$JpaWebMvcConfiguration : spring.jpa.open-in-view is enabled by default. Therefore, database queries may be performed during view rendering. Explicitly configure spring.jpa.open-in-view to disable this warning
2019-10-11 17:13:28.675 - INFO  [  restartedMain] rMethodMapping$MappingRegistry : Mapped "{[/policy/get],methods=[GET]}" onto public java.lang.String com.gaocimi.flashpig.controller.OssAccessController.login(java.lang.String)
2019-10-11 17:13:28.680 - INFO  [  restartedMain] rMethodMapping$MappingRegistry : Mapped "{[/recordHairstylisToUser/{recordHairstylisToUserId}],methods=[GET]}" onto public com.gaocimi.flashpig.entity.RecordHairstylisToUser com.gaocimi.flashpig.controller.RecordHairstylisToUserController.getOne(java.lang.Integer)
2019-10-11 17:13:28.680 - INFO  [  restartedMain] rMethodMapping$MappingRegistry : Mapped "{[/recordHairstylisToUser/{recordHairstylisToUserId}],methods=[DELETE]}" onto public int com.gaocimi.flashpig.controller.RecordHairstylisToUserController.deleteRecordHairstylisToUser(java.lang.Integer)
2019-10-11 17:13:28.681 - INFO  [  restartedMain] rMethodMapping$MappingRegistry : Mapped "{[/recordHairstylisToUser],methods=[PUT]}" onto public int com.gaocimi.flashpig.controller.RecordHairstylisToUserController.updateRecordHairstylisToUser(com.gaocimi.flashpig.entity.RecordHairstylisToUser)
2019-10-11 17:13:28.683 - INFO  [  restartedMain] rMethodMapping$MappingRegistry : Mapped "{[/recordHairstylisToUser],methods=[POST]}" onto public int com.gaocimi.flashpig.controller.RecordHairstylisToUserController.addRecordHairstylisToUser(com.gaocimi.flashpig.entity.RecordHairstylisToUser)
2019-10-11 17:13:28.683 - INFO  [  restartedMain] rMethodMapping$MappingRegistry : Mapped "{[/recordHairstylisToUsers],methods=[GET]}" onto public org.springframework.data.domain.Page<com.gaocimi.flashpig.entity.RecordHairstylisToUser> com.gaocimi.flashpig.controller.RecordHairstylisToUserController.getPage(int,int,java.lang.String)
2019-10-11 17:13:28.685 - INFO  [  restartedMain] rMethodMapping$MappingRegistry : Mapped "{[/user],methods=[POST]}" onto public int com.gaocimi.flashpig.controller.UserController.addUser(com.gaocimi.flashpig.entity.User)
2019-10-11 17:13:28.686 - INFO  [  restartedMain] rMethodMapping$MappingRegistry : Mapped "{[/user/{userId}],methods=[GET]}" onto public com.gaocimi.flashpig.entity.User com.gaocimi.flashpig.controller.UserController.getOne(java.lang.Integer)
2019-10-11 17:13:28.687 - INFO  [  restartedMain] rMethodMapping$MappingRegistry : Mapped "{[/users],methods=[GET]}" onto public org.springframework.data.domain.Page<com.gaocimi.flashpig.entity.User> com.gaocimi.flashpig.controller.UserController.getPage(int,int)
2019-10-11 17:13:28.687 - INFO  [  restartedMain] rMethodMapping$MappingRegistry : Mapped "{[/user/{userId}],methods=[DELETE]}" onto public int com.gaocimi.flashpig.controller.UserController.deleteUser(java.lang.Integer)
2019-10-11 17:13:28.687 - INFO  [  restartedMain] rMethodMapping$MappingRegistry : Mapped "{[/user],methods=[PUT]}" onto public int com.gaocimi.flashpig.controller.UserController.updateUser(com.gaocimi.flashpig.entity.User)
2019-10-11 17:13:28.688 - INFO  [  restartedMain] rMethodMapping$MappingRegistry : Mapped "{[/wxLogin],methods=[POST]}" onto public com.gaocimi.flashpig.model.WXSessionModel com.gaocimi.flashpig.controller.WXLoginController.wxLogin(java.lang.String)
2019-10-11 17:13:28.690 - INFO  [  restartedMain] rMethodMapping$MappingRegistry : Mapped "{[/user/info],methods=[GET]}" onto public java.lang.String com.gaocimi.flashpig.controller.WxMaUserController.info(java.lang.String,java.lang.String,java.lang.String,java.lang.String,java.lang.String)
2019-10-11 17:13:28.690 - INFO  [  restartedMain] rMethodMapping$MappingRegistry : Mapped "{[/notify/order],methods=[POST]}" onto public java.lang.String com.gaocimi.flashpig.controller.WxMaUserController.parseOrderNotifyResult(java.lang.String) throws com.github.binarywang.wxpay.exception.WxPayException
2019-10-11 17:13:28.690 - INFO  [  restartedMain] rMethodMapping$MappingRegistry : Mapped "{[/user/login],methods=[GET]}" onto public java.lang.String com.gaocimi.flashpig.controller.WxMaUserController.login(java.lang.String)
2019-10-11 17:13:28.691 - INFO  [  restartedMain] rMethodMapping$MappingRegistry : Mapped "{[/unifiedOrder],methods=[POST]}" onto public com.github.binarywang.wxpay.bean.result.WxPayUnifiedOrderResult com.gaocimi.flashpig.controller.WxMaUserController.unifiedOrder(com.github.binarywang.wxpay.bean.request.WxPayUnifiedOrderRequest) throws com.github.binarywang.wxpay.exception.WxPayException
2019-10-11 17:13:28.691 - INFO  [  restartedMain] rMethodMapping$MappingRegistry : Mapped "{[/user/phone],methods=[GET]}" onto public java.lang.String com.gaocimi.flashpig.controller.WxMaUserController.phone(java.lang.String,java.lang.String,java.lang.String,java.lang.String,java.lang.String)
2019-10-11 17:13:28.692 - INFO  [  restartedMain] rMethodMapping$MappingRegistry : Mapped "{[/createOrder],methods=[POST]}" onto public <T> T com.gaocimi.flashpig.controller.WxMaUserController.createOrder(com.github.binarywang.wxpay.bean.request.WxPayUnifiedOrderRequest) throws com.github.binarywang.wxpay.exception.WxPayException
2019-10-11 17:13:28.694 - INFO  [  restartedMain] rMethodMapping$MappingRegistry : Mapped "{[/swagger-resources/configuration/security]}" onto public org.springframework.http.ResponseEntity<springfox.documentation.swagger.web.SecurityConfiguration> springfox.documentation.swagger.web.ApiResourceController.securityConfiguration()
2019-10-11 17:13:28.694 - INFO  [  restartedMain] rMethodMapping$MappingRegistry : Mapped "{[/swagger-resources]}" onto public org.springframework.http.ResponseEntity<java.util.List<springfox.documentation.swagger.web.SwaggerResource>> springfox.documentation.swagger.web.ApiResourceController.swaggerResources()
2019-10-11 17:13:28.695 - INFO  [  restartedMain] rMethodMapping$MappingRegistry : Mapped "{[/swagger-resources/configuration/ui]}" onto public org.springframework.http.ResponseEntity<springfox.documentation.swagger.web.UiConfiguration> springfox.documentation.swagger.web.ApiResourceController.uiConfiguration()
2019-10-11 17:13:28.697 - INFO  [  restartedMain] rMethodMapping$MappingRegistry : Mapped "{[/error]}" onto public org.springframework.http.ResponseEntity<java.util.Map<java.lang.String, java.lang.Object>> org.springframework.boot.autoconfigure.web.servlet.error.BasicErrorController.error(javax.servlet.http.HttpServletRequest)
2019-10-11 17:13:28.698 - INFO  [  restartedMain] rMethodMapping$MappingRegistry : Mapped "{[/error],produces=[text/html]}" onto public org.springframework.web.servlet.ModelAndView org.springframework.boot.autoconfigure.web.servlet.error.BasicErrorController.errorHtml(javax.servlet.http.HttpServletRequest,javax.servlet.http.HttpServletResponse)
2019-10-11 17:13:28.771 - INFO  [  restartedMain] edRequestMappingHandlerMapping : Mapped URL path [/v2/api-docs] onto method [public org.springframework.http.ResponseEntity<springfox.documentation.spring.web.json.Json> springfox.documentation.swagger2.web.Swagger2Controller.getDocumentation(java.lang.String,javax.servlet.http.HttpServletRequest)]
2019-10-11 17:13:28.800 - INFO  [  restartedMain] .s.h.AbstractUrlHandlerMapping : Mapped URL path [/**/favicon.ico] onto handler of type [class org.springframework.web.servlet.resource.ResourceHttpRequestHandler]
2019-10-11 17:13:28.863 - INFO  [  restartedMain] a.RequestMappingHandlerAdapter : Looking for @ControllerAdvice: org.springframework.boot.web.servlet.context.AnnotationConfigServletWebServerApplicationContext@11ea7e12: startup date [Fri Oct 11 17:13:26 CST 2019]; root of context hierarchy
2019-10-11 17:13:28.869 - INFO  [  restartedMain] a.RequestMappingHandlerAdapter : Detected ResponseBodyAdvice bean in responseResultHandler
2019-10-11 17:13:28.877 - INFO  [  restartedMain] .s.h.AbstractUrlHandlerMapping : Mapped URL path [/webjars/**] onto handler of type [class org.springframework.web.servlet.resource.ResourceHttpRequestHandler]
2019-10-11 17:13:28.877 - INFO  [  restartedMain] .s.h.AbstractUrlHandlerMapping : Mapped URL path [/**] onto handler of type [class org.springframework.web.servlet.resource.ResourceHttpRequestHandler]
2019-10-11 17:13:28.890 - INFO  [  restartedMain] eptionHandlerExceptionResolver : Detected @ExceptionHandler methods in globalExceptionHandler
2019-10-11 17:13:28.890 - INFO  [  restartedMain] eptionHandlerExceptionResolver : Detected ResponseBodyAdvice implementation in responseResultHandler
2019-10-11 17:13:28.989 - INFO  [  restartedMain] b.d.a.OptionalLiveReloadServer : LiveReload server is running on port 35729
2019-10-11 17:13:29.011 - INFO  [  restartedMain] o.s.j.e.MBeanExporter          : Registering beans for JMX exposure on startup
2019-10-11 17:13:29.011 - INFO  [  restartedMain] o.s.j.e.MBeanExporter          : Bean with name 'dataSource' has been autodetected for JMX exposure
2019-10-11 17:13:29.016 - INFO  [  restartedMain] o.s.j.e.MBeanExporter          : Located MBean 'dataSource': registering with JMX server as MBean [com.alibaba.druid.pool:name=dataSource,type=DruidDataSource]
2019-10-11 17:13:29.017 - INFO  [  restartedMain] ecycleProcessor$LifecycleGroup : Starting beans in phase 2147483647
2019-10-11 17:13:29.017 - INFO  [  restartedMain] cumentationPluginsBootstrapper : Context refreshed
2019-10-11 17:13:29.018 - INFO  [  restartedMain] cumentationPluginsBootstrapper : Found 1 custom documentation plugin(s)
2019-10-11 17:13:29.031 - INFO  [  restartedMain] w.s.ApiListingReferenceScanner : Scanning for api listing references
2019-10-11 17:13:29.092 - INFO  [  restartedMain] .CachingOperationNameGenerator : Generating unique operation named: getOneUsingGET_1
2019-10-11 17:13:29.099 - INFO  [  restartedMain] .CachingOperationNameGenerator : Generating unique operation named: getPageUsingGET_1
2019-10-11 17:13:29.143 - INFO  [  restartedMain] .CachingOperationNameGenerator : Generating unique operation named: loginUsingGET_1
2019-10-11 17:13:29.157 - INFO  [  restartedMain] o.a.j.l.DirectJDKLog           : Starting ProtocolHandler ["http-nio-8080"]
2019-10-11 17:13:29.158 - INFO  [  restartedMain] o.a.j.l.DirectJDKLog           : Using a shared selector for servlet write/read
2019-10-11 17:13:29.161 - INFO  [  restartedMain] o.s.b.w.e.t.TomcatWebServer    : Tomcat started on port(s): 8080 (http) with context path ''
2019-10-11 17:13:29.162 - INFO  [  restartedMain] o.s.b.StartupInfoLogger        : Started ServiceWeiXinApplication in 2.707 seconds (JVM running for 708.792)
2019-10-11 17:13:29.166 - INFO  [  restartedMain] EvaluationDeltaLoggingListener : Condition evaluation unchanged
2019-10-11 18:58:20.719 - INFO  [  restartedMain] o.s.b.StartupInfoLogger        : Starting ServiceWeiXinApplication on DESKTOP-XPsxiaomi with PID 17624 (started by 10553 in C:\Users\10553\Desktop\理发店预约平台(JPA版)\hairstyle)
2019-10-11 18:58:20.726 - INFO  [  restartedMain] o.s.b.SpringApplication        : No active profile set, falling back to default profiles: default
2019-10-11 18:58:20.800 - INFO  [  restartedMain] c.s.AbstractApplicationContext : Refreshing org.springframework.boot.web.servlet.context.AnnotationConfigServletWebServerApplicationContext@6af3992b: startup date [Fri Oct 11 18:58:20 CST 2019]; root of context hierarchy
2019-10-11 18:58:21.856 - INFO  [  restartedMain] f.s.DefaultListableBeanFactory : Overriding bean definition for bean 'oSSClient' with a different definition: replacing [Root bean: class [null]; scope=; abstract=false; lazyInit=false; autowireMode=3; dependencyCheck=0; autowireCandidate=true; primary=false; factoryBeanName=ossConfiguration; factoryMethodName=oSSClient; initMethodName=null; destroyMethodName=(inferred); defined in class path resource [com/gaocimi/flashpig/configuration/oss/OssConfiguration.class]] with [Root bean: class [null]; scope=; abstract=false; lazyInit=false; autowireMode=3; dependencyCheck=0; autowireCandidate=true; primary=false; factoryBeanName=wxMaConfiguration; factoryMethodName=oSSClient; initMethodName=null; destroyMethodName=(inferred); defined in class path resource [com/gaocimi/flashpig/configuration/wechatapp/WxMaConfiguration.class]]
2019-10-11 18:58:22.058 - WARN  [  restartedMain] o.m.s.m.ClassPathMapperScanner : No MyBatis mapper was found in '[com.gaocimi.flashpig]' package. Please check your configuration.
2019-10-11 18:58:22.613 - INFO  [  restartedMain] egate$BeanPostProcessorChecker : Bean 'druidDataSourceConfig' of type [com.gaocimi.flashpig.configuration.druid.DruidDataSourceConfig$$EnhancerBySpringCGLIB$$213bdd4e] is not eligible for getting processed by all BeanPostProcessors (for example: not eligible for auto-proxying)
2019-10-11 18:58:22.709 - INFO  [  restartedMain] egate$BeanPostProcessorChecker : Bean 'org.springframework.transaction.annotation.ProxyTransactionManagementConfiguration' of type [org.springframework.transaction.annotation.ProxyTransactionManagementConfiguration$$EnhancerBySpringCGLIB$$db761af0] is not eligible for getting processed by all BeanPostProcessors (for example: not eligible for auto-proxying)
2019-10-11 18:58:23.280 - INFO  [  restartedMain] o.s.b.w.e.t.TomcatWebServer    : Tomcat initialized with port(s): 8080 (http)
2019-10-11 18:58:23.291 - INFO  [  restartedMain] o.a.j.l.DirectJDKLog           : Initializing ProtocolHandler ["http-nio-8080"]
2019-10-11 18:58:23.299 - INFO  [  restartedMain] o.a.j.l.DirectJDKLog           : Starting service [Tomcat]
2019-10-11 18:58:23.300 - INFO  [  restartedMain] o.a.j.l.DirectJDKLog           : Starting Servlet Engine: Apache Tomcat/8.5.29
2019-10-11 18:58:23.304 - INFO  [ost-startStop-1] o.a.j.l.DirectJDKLog           : Loaded APR based Apache Tomcat Native library [1.2.21] using APR version [1.6.5].
2019-10-11 18:58:23.304 - INFO  [ost-startStop-1] o.a.j.l.DirectJDKLog           : APR capabilities: IPv6 [true], sendfile [true], accept filters [false], random [true].
2019-10-11 18:58:23.304 - INFO  [ost-startStop-1] o.a.j.l.DirectJDKLog           : APR/OpenSSL configuration: useAprConnector [false], useOpenSSL [true]
2019-10-11 18:58:23.307 - INFO  [ost-startStop-1] o.a.j.l.DirectJDKLog           : OpenSSL successfully initialized [OpenSSL 1.1.1a  20 Nov 2018]
2019-10-11 18:58:23.433 - INFO  [ost-startStop-1] o.a.j.l.DirectJDKLog           : Initializing Spring embedded WebApplicationContext
2019-10-11 18:58:23.434 - INFO  [ost-startStop-1] letWebServerApplicationContext : Root WebApplicationContext: initialization completed in 2634 ms
2019-10-11 18:58:23.621 - INFO  [ost-startStop-1] .b.w.s.ServletRegistrationBean : Servlet statViewServlet mapped to [/druid/*]
2019-10-11 18:58:23.622 - INFO  [ost-startStop-1] .b.w.s.ServletRegistrationBean : Servlet dispatcherServlet mapped to [/]
2019-10-11 18:58:23.626 - INFO  [ost-startStop-1] AbstractFilterRegistrationBean : Mapping filter: 'characterEncodingFilter' to: [/*]
2019-10-11 18:58:23.627 - INFO  [ost-startStop-1] AbstractFilterRegistrationBean : Mapping filter: 'hiddenHttpMethodFilter' to: [/*]
2019-10-11 18:58:23.627 - INFO  [ost-startStop-1] AbstractFilterRegistrationBean : Mapping filter: 'httpPutFormContentFilter' to: [/*]
2019-10-11 18:58:23.627 - INFO  [ost-startStop-1] AbstractFilterRegistrationBean : Mapping filter: 'requestContextFilter' to: [/*]
2019-10-11 18:58:23.628 - INFO  [ost-startStop-1] AbstractFilterRegistrationBean : Mapping filter: 'webStatFilter' to urls: [/*]
2019-10-11 18:58:23.991 - INFO  [  restartedMain] c.a.d.s.l.Log4j2Impl           : {dataSource-1} inited
2019-10-11 18:58:24.042 - INFO  [  restartedMain] tainerEntityManagerFactoryBean : Building JPA container EntityManagerFactory for persistence unit 'default'
2019-10-11 18:58:24.053 - INFO  [  restartedMain] o.h.j.i.u.LogHelper            : HHH000204: Processing PersistenceUnitInfo [
	name: default
	...]
2019-10-11 18:58:24.117 - INFO  [  restartedMain] o.h.Version                    : HHH000412: Hibernate Core {5.2.16.Final}
2019-10-11 18:58:24.118 - INFO  [  restartedMain] o.h.c.Environment              : HHH000206: hibernate.properties not found
2019-10-11 18:58:24.158 - INFO  [  restartedMain] .a.c.r.j.JavaReflectionManager : HCANN000001: Hibernate Commons Annotations {5.0.1.Final}
2019-10-11 18:58:24.299 - INFO  [  restartedMain] o.h.d.Dialect                  : HHH000400: Using dialect: org.hibernate.dialect.MySQL5Dialect
2019-10-11 18:58:24.926 - INFO  [  restartedMain] stractEntityManagerFactoryBean : Initialized JPA EntityManagerFactory for persistence unit 'default'
2019-10-11 18:58:26.663 - WARN  [  restartedMain] uration$JpaWebMvcConfiguration : spring.jpa.open-in-view is enabled by default. Therefore, database queries may be performed during view rendering. Explicitly configure spring.jpa.open-in-view to disable this warning
2019-10-11 18:58:26.731 - INFO  [  restartedMain] rMethodMapping$MappingRegistry : Mapped "{[/hairstylist/setTime/{myOpenid}],methods=[POST]}" onto public java.util.Map com.gaocimi.flashpig.controller.HairstylistController.setTime(java.lang.String,int[])
2019-10-11 18:58:26.731 - INFO  [  restartedMain] rMethodMapping$MappingRegistry : Mapped "{[/hairstylist/{myOpenid}/{hairstylistId}],methods=[GET]}" onto public java.util.Map com.gaocimi.flashpig.controller.HairstylistController.getOne(java.lang.String,java.lang.Integer)
2019-10-11 18:58:26.733 - INFO  [  restartedMain] rMethodMapping$MappingRegistry : Mapped "{[/hairstylists/all/{myOpenid}],methods=[GET]}" onto public java.util.Map com.gaocimi.flashpig.controller.HairstylistController.getPage(java.lang.String,int,int)
2019-10-11 18:58:26.733 - INFO  [  restartedMain] rMethodMapping$MappingRegistry : Mapped "{[/hairstylist/getServiceList/{myOpenid}],methods=[GET]}" onto public java.util.Map com.gaocimi.flashpig.controller.HairstylistController.getServiceList(java.lang.String)
2019-10-11 18:58:26.733 - INFO  [  restartedMain] rMethodMapping$MappingRegistry : Mapped "{[/hairstylist/register/apply],methods=[POST]}" onto public java.util.Map com.gaocimi.flashpig.controller.HairstylistController.addHairstylist(com.gaocimi.flashpig.entity.Hairstylist,int[],java.util.List<java.lang.String>,java.util.List<java.lang.String>,java.util.List<java.lang.Double>,java.util.List<java.lang.String>)
2019-10-11 18:58:26.733 - INFO  [  restartedMain] rMethodMapping$MappingRegistry : Mapped "{[/hairstylist/getOrderList/{myOpenid}],methods=[GET]}" onto public java.util.Map com.gaocimi.flashpig.controller.HairstylistController.getOrderList(java.lang.String,int)
2019-10-11 18:58:26.734 - INFO  [  restartedMain] rMethodMapping$MappingRegistry : Mapped "{[/hairstylist/getImageUrlList/{myOpenid}],methods=[GET]}" onto public java.util.Map com.gaocimi.flashpig.controller.HairstylistController.getImageUrlList(java.lang.String)
2019-10-11 18:58:26.734 - INFO  [  restartedMain] rMethodMapping$MappingRegistry : Mapped "{[/hairstylist/addImageUrlList/{myOpenid}],methods=[POST]}" onto public java.util.Map com.gaocimi.flashpig.controller.HairstylistController.addImageUrlList(java.lang.String,java.util.List<java.lang.String>)
2019-10-11 18:58:26.734 - INFO  [  restartedMain] rMethodMapping$MappingRegistry : Mapped "{[/hairstylist/deleteImageUrlList/{myOpenid}],methods=[DELETE]}" onto public java.util.Map com.gaocimi.flashpig.controller.HairstylistController.deleteImageUrlList(java.lang.String,int)
2019-10-11 18:58:26.735 - INFO  [  restartedMain] rMethodMapping$MappingRegistry : Mapped "{[/hairstylist/{myOpenid}/{hairstylistId}],methods=[DELETE]}" onto public java.util.Map com.gaocimi.flashpig.controller.HairstylistController.deleteHairstylist(java.lang.String,java.lang.Integer)
2019-10-11 18:58:26.736 - INFO  [  restartedMain] rMethodMapping$MappingRegistry : Mapped "{[/hairstylist/{myOpenid}],methods=[PUT]}" onto public java.util.Map com.gaocimi.flashpig.controller.HairstylistController.updateHairstylist(java.lang.String,int,java.lang.String,java.lang.String,java.lang.String,java.lang.String,java.lang.String,java.lang.String,java.lang.String,java.lang.String,java.lang.Double,java.lang.Double,java.util.List<java.lang.String>,java.util.List<java.lang.String>,java.util.List<java.lang.Double>)
2019-10-11 18:58:26.736 - INFO  [  restartedMain] rMethodMapping$MappingRegistry : Mapped "{[/policy/get],methods=[GET]}" onto public java.lang.String com.gaocimi.flashpig.controller.OssAccessController.login(java.lang.String)
2019-10-11 18:58:26.738 - INFO  [  restartedMain] rMethodMapping$MappingRegistry : Mapped "{[/recordHairstylisToUser/{recordHairstylisToUserId}],methods=[GET]}" onto public com.gaocimi.flashpig.entity.RecordHairstylisToUser com.gaocimi.flashpig.controller.RecordHairstylisToUserController.getOne(java.lang.Integer)
2019-10-11 18:58:26.739 - INFO  [  restartedMain] rMethodMapping$MappingRegistry : Mapped "{[/recordHairstylisToUsers],methods=[GET]}" onto public org.springframework.data.domain.Page<com.gaocimi.flashpig.entity.RecordHairstylisToUser> com.gaocimi.flashpig.controller.RecordHairstylisToUserController.getPage(int,int,java.lang.String)
2019-10-11 18:58:26.739 - INFO  [  restartedMain] rMethodMapping$MappingRegistry : Mapped "{[/recordHairstylisToUser],methods=[PUT]}" onto public int com.gaocimi.flashpig.controller.RecordHairstylisToUserController.updateRecordHairstylisToUser(com.gaocimi.flashpig.entity.RecordHairstylisToUser)
2019-10-11 18:58:26.739 - INFO  [  restartedMain] rMethodMapping$MappingRegistry : Mapped "{[/recordHairstylisToUser],methods=[POST]}" onto public int com.gaocimi.flashpig.controller.RecordHairstylisToUserController.addRecordHairstylisToUser(com.gaocimi.flashpig.entity.RecordHairstylisToUser)
2019-10-11 18:58:26.740 - INFO  [  restartedMain] rMethodMapping$MappingRegistry : Mapped "{[/recordHairstylisToUser/{recordHairstylisToUserId}],methods=[DELETE]}" onto public int com.gaocimi.flashpig.controller.RecordHairstylisToUserController.deleteRecordHairstylisToUser(java.lang.Integer)
2019-10-11 18:58:26.741 - INFO  [  restartedMain] rMethodMapping$MappingRegistry : Mapped "{[/user/{userId}],methods=[GET]}" onto public com.gaocimi.flashpig.entity.User com.gaocimi.flashpig.controller.UserController.getOne(java.lang.Integer)
2019-10-11 18:58:26.742 - INFO  [  restartedMain] rMethodMapping$MappingRegistry : Mapped "{[/user],methods=[POST]}" onto public int com.gaocimi.flashpig.controller.UserController.addUser(com.gaocimi.flashpig.entity.User)
2019-10-11 18:58:26.742 - INFO  [  restartedMain] rMethodMapping$MappingRegistry : Mapped "{[/users],methods=[GET]}" onto public org.springframework.data.domain.Page<com.gaocimi.flashpig.entity.User> com.gaocimi.flashpig.controller.UserController.getPage(int,int)
2019-10-11 18:58:26.743 - INFO  [  restartedMain] rMethodMapping$MappingRegistry : Mapped "{[/user/{userId}],methods=[DELETE]}" onto public int com.gaocimi.flashpig.controller.UserController.deleteUser(java.lang.Integer)
2019-10-11 18:58:26.743 - INFO  [  restartedMain] rMethodMapping$MappingRegistry : Mapped "{[/user],methods=[PUT]}" onto public int com.gaocimi.flashpig.controller.UserController.updateUser(com.gaocimi.flashpig.entity.User)
2019-10-11 18:58:26.744 - INFO  [  restartedMain] rMethodMapping$MappingRegistry : Mapped "{[/wxLogin],methods=[POST]}" onto public com.gaocimi.flashpig.model.WXSessionModel com.gaocimi.flashpig.controller.WXLoginController.wxLogin(java.lang.String)
2019-10-11 18:58:26.745 - INFO  [  restartedMain] rMethodMapping$MappingRegistry : Mapped "{[/user/info],methods=[GET]}" onto public java.lang.String com.gaocimi.flashpig.controller.WxMaUserController.info(java.lang.String,java.lang.String,java.lang.String,java.lang.String,java.lang.String)
2019-10-11 18:58:26.747 - INFO  [  restartedMain] rMethodMapping$MappingRegistry : Mapped "{[/user/login],methods=[GET]}" onto public java.lang.String com.gaocimi.flashpig.controller.WxMaUserController.login(java.lang.String)
2019-10-11 18:58:26.747 - INFO  [  restartedMain] rMethodMapping$MappingRegistry : Mapped "{[/unifiedOrder],methods=[POST]}" onto public com.github.binarywang.wxpay.bean.result.WxPayUnifiedOrderResult com.gaocimi.flashpig.controller.WxMaUserController.unifiedOrder(com.github.binarywang.wxpay.bean.request.WxPayUnifiedOrderRequest) throws com.github.binarywang.wxpay.exception.WxPayException
2019-10-11 18:58:26.747 - INFO  [  restartedMain] rMethodMapping$MappingRegistry : Mapped "{[/user/phone],methods=[GET]}" onto public java.lang.String com.gaocimi.flashpig.controller.WxMaUserController.phone(java.lang.String,java.lang.String,java.lang.String,java.lang.String,java.lang.String)
2019-10-11 18:58:26.747 - INFO  [  restartedMain] rMethodMapping$MappingRegistry : Mapped "{[/createOrder],methods=[POST]}" onto public <T> T com.gaocimi.flashpig.controller.WxMaUserController.createOrder(com.github.binarywang.wxpay.bean.request.WxPayUnifiedOrderRequest) throws com.github.binarywang.wxpay.exception.WxPayException
2019-10-11 18:58:26.747 - INFO  [  restartedMain] rMethodMapping$MappingRegistry : Mapped "{[/notify/order],methods=[POST]}" onto public java.lang.String com.gaocimi.flashpig.controller.WxMaUserController.parseOrderNotifyResult(java.lang.String) throws com.github.binarywang.wxpay.exception.WxPayException
2019-10-11 18:58:26.751 - INFO  [  restartedMain] rMethodMapping$MappingRegistry : Mapped "{[/swagger-resources/configuration/security]}" onto public org.springframework.http.ResponseEntity<springfox.documentation.swagger.web.SecurityConfiguration> springfox.documentation.swagger.web.ApiResourceController.securityConfiguration()
2019-10-11 18:58:26.751 - INFO  [  restartedMain] rMethodMapping$MappingRegistry : Mapped "{[/swagger-resources]}" onto public org.springframework.http.ResponseEntity<java.util.List<springfox.documentation.swagger.web.SwaggerResource>> springfox.documentation.swagger.web.ApiResourceController.swaggerResources()
2019-10-11 18:58:26.752 - INFO  [  restartedMain] rMethodMapping$MappingRegistry : Mapped "{[/swagger-resources/configuration/ui]}" onto public org.springframework.http.ResponseEntity<springfox.documentation.swagger.web.UiConfiguration> springfox.documentation.swagger.web.ApiResourceController.uiConfiguration()
2019-10-11 18:58:26.755 - INFO  [  restartedMain] rMethodMapping$MappingRegistry : Mapped "{[/error]}" onto public org.springframework.http.ResponseEntity<java.util.Map<java.lang.String, java.lang.Object>> org.springframework.boot.autoconfigure.web.servlet.error.BasicErrorController.error(javax.servlet.http.HttpServletRequest)
2019-10-11 18:58:26.756 - INFO  [  restartedMain] rMethodMapping$MappingRegistry : Mapped "{[/error],produces=[text/html]}" onto public org.springframework.web.servlet.ModelAndView org.springframework.boot.autoconfigure.web.servlet.error.BasicErrorController.errorHtml(javax.servlet.http.HttpServletRequest,javax.servlet.http.HttpServletResponse)
2019-10-11 18:58:26.892 - INFO  [  restartedMain] edRequestMappingHandlerMapping : Mapped URL path [/v2/api-docs] onto method [public org.springframework.http.ResponseEntity<springfox.documentation.spring.web.json.Json> springfox.documentation.swagger2.web.Swagger2Controller.getDocumentation(java.lang.String,javax.servlet.http.HttpServletRequest)]
2019-10-11 18:58:26.979 - INFO  [  restartedMain] .s.h.AbstractUrlHandlerMapping : Mapped URL path [/**/favicon.ico] onto handler of type [class org.springframework.web.servlet.resource.ResourceHttpRequestHandler]
2019-10-11 18:58:27.402 - INFO  [  restartedMain] a.RequestMappingHandlerAdapter : Looking for @ControllerAdvice: org.springframework.boot.web.servlet.context.AnnotationConfigServletWebServerApplicationContext@6af3992b: startup date [Fri Oct 11 18:58:20 CST 2019]; root of context hierarchy
2019-10-11 18:58:27.409 - INFO  [  restartedMain] a.RequestMappingHandlerAdapter : Detected ResponseBodyAdvice bean in responseResultHandler
2019-10-11 18:58:27.448 - INFO  [  restartedMain] .s.h.AbstractUrlHandlerMapping : Mapped URL path [/webjars/**] onto handler of type [class org.springframework.web.servlet.resource.ResourceHttpRequestHandler]
2019-10-11 18:58:27.448 - INFO  [  restartedMain] .s.h.AbstractUrlHandlerMapping : Mapped URL path [/**] onto handler of type [class org.springframework.web.servlet.resource.ResourceHttpRequestHandler]
2019-10-11 18:58:27.465 - INFO  [  restartedMain] eptionHandlerExceptionResolver : Detected @ExceptionHandler methods in globalExceptionHandler
2019-10-11 18:58:27.465 - INFO  [  restartedMain] eptionHandlerExceptionResolver : Detected ResponseBodyAdvice implementation in responseResultHandler
2019-10-11 18:58:27.917 - INFO  [  restartedMain] b.d.a.OptionalLiveReloadServer : LiveReload server is running on port 35729
2019-10-11 18:58:27.997 - INFO  [  restartedMain] o.s.j.e.MBeanExporter          : Registering beans for JMX exposure on startup
2019-10-11 18:58:28.002 - INFO  [  restartedMain] o.s.j.e.MBeanExporter          : Bean with name 'dataSource' has been autodetected for JMX exposure
2019-10-11 18:58:28.022 - INFO  [  restartedMain] o.s.j.e.MBeanExporter          : Located MBean 'dataSource': registering with JMX server as MBean [com.alibaba.druid.pool:name=dataSource,type=DruidDataSource]
2019-10-11 18:58:28.034 - INFO  [  restartedMain] ecycleProcessor$LifecycleGroup : Starting beans in phase 2147483647
2019-10-11 18:58:28.035 - INFO  [  restartedMain] cumentationPluginsBootstrapper : Context refreshed
2019-10-11 18:58:28.083 - INFO  [  restartedMain] cumentationPluginsBootstrapper : Found 1 custom documentation plugin(s)
2019-10-11 18:58:28.159 - INFO  [  restartedMain] w.s.ApiListingReferenceScanner : Scanning for api listing references
2019-10-11 18:58:28.417 - INFO  [  restartedMain] .CachingOperationNameGenerator : Generating unique operation named: getOneUsingGET_1
2019-10-11 18:58:28.451 - INFO  [  restartedMain] .CachingOperationNameGenerator : Generating unique operation named: getPageUsingGET_1
2019-10-11 18:58:28.473 - INFO  [  restartedMain] .CachingOperationNameGenerator : Generating unique operation named: getOneUsingGET_2
2019-10-11 18:58:28.485 - INFO  [  restartedMain] .CachingOperationNameGenerator : Generating unique operation named: getPageUsingGET_2
2019-10-11 18:58:28.510 - INFO  [  restartedMain] .CachingOperationNameGenerator : Generating unique operation named: loginUsingGET_1
2019-10-11 18:58:28.541 - INFO  [  restartedMain] o.a.j.l.DirectJDKLog           : Starting ProtocolHandler ["http-nio-8080"]
2019-10-11 18:58:28.552 - INFO  [  restartedMain] o.a.j.l.DirectJDKLog           : Using a shared selector for servlet write/read
2019-10-11 18:58:28.569 - INFO  [  restartedMain] o.s.b.w.e.t.TomcatWebServer    : Tomcat started on port(s): 8080 (http) with context path ''
2019-10-11 18:58:28.574 - INFO  [  restartedMain] o.s.b.StartupInfoLogger        : Started ServiceWeiXinApplication in 8.151 seconds (JVM running for 9.933)
2019-10-11 18:58:53.735 - INFO  [nio-8080-exec-1] o.a.j.l.DirectJDKLog           : Initializing Spring FrameworkServlet 'dispatcherServlet'
2019-10-11 18:58:53.737 - INFO  [nio-8080-exec-1] o.s.w.s.FrameworkServlet       : FrameworkServlet 'dispatcherServlet': initialization started
2019-10-11 18:58:53.773 - INFO  [nio-8080-exec-1] o.s.w.s.FrameworkServlet       : FrameworkServlet 'dispatcherServlet': initialization completed in 36 ms
2019-10-11 18:58:53.867 - INFO  [nio-8080-exec-1] ueryTranslatorFactoryInitiator : HHH000397: Using ASTQueryTranslatorFactory
2019-10-11 18:58:54.263 - WARN  [nio-8080-exec-1] o.h.e.j.s.SqlExceptionHelper   : SQL Error: 1146, SQLState: 42S02
2019-10-11 18:59:50.093 - INFO  [nio-8080-exec-3] c.g.f.c.HairstylistController  : 获取发型师列表信息成功！
2019-10-11 19:00:08.663 - WARN  [nio-8080-exec-4] o.h.e.j.s.SqlExceptionHelper   : SQL Error: 1146, SQLState: 42S02
2019-10-11 19:02:46.805 - INFO  [      Thread-21] c.s.AbstractApplicationContext : Closing org.springframework.boot.web.servlet.context.AnnotationConfigServletWebServerApplicationContext@6af3992b: startup date [Fri Oct 11 18:58:20 CST 2019]; root of context hierarchy
2019-10-11 19:02:46.809 - INFO  [      Thread-21] ecycleProcessor$LifecycleGroup : Stopping beans in phase 2147483647
2019-10-11 19:02:46.811 - INFO  [      Thread-21] o.s.j.e.MBeanExporter          : Unregistering JMX-exposed beans on shutdown
2019-10-11 19:02:46.812 - INFO  [      Thread-21] s.j.s.MBeanRegistrationSupport : Unregistering JMX-exposed beans
2019-10-11 19:02:46.819 - INFO  [      Thread-21] stractEntityManagerFactoryBean : Closing JPA EntityManagerFactory for persistence unit 'default'
2019-10-11 19:02:46.827 - INFO  [      Thread-21] c.a.d.s.l.Log4j2Impl           : {dataSource-1} closed
2019-10-11 19:02:47.642 - INFO  [  restartedMain] o.s.b.StartupInfoLogger        : Starting ServiceWeiXinApplication on DESKTOP-XPsxiaomi with PID 17624 (started by 10553 in C:\Users\10553\Desktop\理发店预约平台(JPA版)\hairstyle)
2019-10-11 19:02:47.642 - INFO  [  restartedMain] o.s.b.SpringApplication        : No active profile set, falling back to default profiles: default
2019-10-11 19:02:47.647 - INFO  [  restartedMain] c.s.AbstractApplicationContext : Refreshing org.springframework.boot.web.servlet.context.AnnotationConfigServletWebServerApplicationContext@7e3f3c1e: startup date [Fri Oct 11 19:02:47 CST 2019]; root of context hierarchy
2019-10-11 19:02:48.196 - INFO  [  restartedMain] f.s.DefaultListableBeanFactory : Overriding bean definition for bean 'oSSClient' with a different definition: replacing [Root bean: class [null]; scope=; abstract=false; lazyInit=false; autowireMode=3; dependencyCheck=0; autowireCandidate=true; primary=false; factoryBeanName=ossConfiguration; factoryMethodName=oSSClient; initMethodName=null; destroyMethodName=(inferred); defined in class path resource [com/gaocimi/flashpig/configuration/oss/OssConfiguration.class]] with [Root bean: class [null]; scope=; abstract=false; lazyInit=false; autowireMode=3; dependencyCheck=0; autowireCandidate=true; primary=false; factoryBeanName=wxMaConfiguration; factoryMethodName=oSSClient; initMethodName=null; destroyMethodName=(inferred); defined in class path resource [com/gaocimi/flashpig/configuration/wechatapp/WxMaConfiguration.class]]
2019-10-11 19:02:48.256 - WARN  [  restartedMain] o.m.s.m.ClassPathMapperScanner : No MyBatis mapper was found in '[com.gaocimi.flashpig]' package. Please check your configuration.
2019-10-11 19:02:48.490 - INFO  [  restartedMain] egate$BeanPostProcessorChecker : Bean 'druidDataSourceConfig' of type [com.gaocimi.flashpig.configuration.druid.DruidDataSourceConfig$$EnhancerBySpringCGLIB$$213bdd4e] is not eligible for getting processed by all BeanPostProcessors (for example: not eligible for auto-proxying)
2019-10-11 19:02:48.514 - INFO  [  restartedMain] egate$BeanPostProcessorChecker : Bean 'org.springframework.transaction.annotation.ProxyTransactionManagementConfiguration' of type [org.springframework.transaction.annotation.ProxyTransactionManagementConfiguration$$EnhancerBySpringCGLIB$$db761af0] is not eligible for getting processed by all BeanPostProcessors (for example: not eligible for auto-proxying)
2019-10-11 19:02:48.714 - INFO  [  restartedMain] o.s.b.w.e.t.TomcatWebServer    : Tomcat initialized with port(s): 8080 (http)
2019-10-11 19:02:48.715 - INFO  [  restartedMain] o.a.j.l.DirectJDKLog           : Initializing ProtocolHandler ["http-nio-8080"]
2019-10-11 19:02:48.715 - INFO  [  restartedMain] o.a.j.l.DirectJDKLog           : Starting service [Tomcat]
2019-10-11 19:02:48.716 - INFO  [  restartedMain] o.a.j.l.DirectJDKLog           : Starting Servlet Engine: Apache Tomcat/8.5.29
2019-10-11 19:02:48.717 - INFO  [ost-startStop-1] o.a.j.l.DirectJDKLog           : Loaded APR based Apache Tomcat Native library [1.2.21] using APR version [1.6.5].
2019-10-11 19:02:48.717 - INFO  [ost-startStop-1] o.a.j.l.DirectJDKLog           : APR capabilities: IPv6 [true], sendfile [true], accept filters [false], random [true].
2019-10-11 19:02:48.717 - INFO  [ost-startStop-1] o.a.j.l.DirectJDKLog           : APR/OpenSSL configuration: useAprConnector [false], useOpenSSL [true]
2019-10-11 19:02:48.718 - INFO  [ost-startStop-1] o.a.j.l.DirectJDKLog           : OpenSSL successfully initialized [OpenSSL 1.1.1a  20 Nov 2018]
2019-10-11 19:02:48.751 - INFO  [ost-startStop-1] o.a.j.l.DirectJDKLog           : Initializing Spring embedded WebApplicationContext
2019-10-11 19:02:48.752 - INFO  [ost-startStop-1] letWebServerApplicationContext : Root WebApplicationContext: initialization completed in 1105 ms
2019-10-11 19:02:48.823 - INFO  [ost-startStop-1] .b.w.s.ServletRegistrationBean : Servlet statViewServlet mapped to [/druid/*]
2019-10-11 19:02:48.824 - INFO  [ost-startStop-1] .b.w.s.ServletRegistrationBean : Servlet dispatcherServlet mapped to [/]
2019-10-11 19:02:48.824 - INFO  [ost-startStop-1] AbstractFilterRegistrationBean : Mapping filter: 'characterEncodingFilter' to: [/*]
2019-10-11 19:02:48.824 - INFO  [ost-startStop-1] AbstractFilterRegistrationBean : Mapping filter: 'hiddenHttpMethodFilter' to: [/*]
2019-10-11 19:02:48.824 - INFO  [ost-startStop-1] AbstractFilterRegistrationBean : Mapping filter: 'httpPutFormContentFilter' to: [/*]
2019-10-11 19:02:48.824 - INFO  [ost-startStop-1] AbstractFilterRegistrationBean : Mapping filter: 'requestContextFilter' to: [/*]
2019-10-11 19:02:48.825 - INFO  [ost-startStop-1] AbstractFilterRegistrationBean : Mapping filter: 'webStatFilter' to urls: [/*]
2019-10-11 19:02:48.933 - INFO  [  restartedMain] c.a.d.s.l.Log4j2Impl           : {dataSource-2} inited
2019-10-11 19:02:48.957 - INFO  [  restartedMain] tainerEntityManagerFactoryBean : Building JPA container EntityManagerFactory for persistence unit 'default'
2019-10-11 19:02:48.957 - INFO  [  restartedMain] o.h.j.i.u.LogHelper            : HHH000204: Processing PersistenceUnitInfo [
	name: default
	...]
2019-10-11 19:02:48.989 - INFO  [  restartedMain] o.h.d.Dialect                  : HHH000400: Using dialect: org.hibernate.dialect.MySQL5Dialect
2019-10-11 19:02:49.068 - INFO  [  restartedMain] stractEntityManagerFactoryBean : Initialized JPA EntityManagerFactory for persistence unit 'default'
2019-10-11 19:02:49.377 - WARN  [  restartedMain] uration$JpaWebMvcConfiguration : spring.jpa.open-in-view is enabled by default. Therefore, database queries may be performed during view rendering. Explicitly configure spring.jpa.open-in-view to disable this warning
2019-10-11 19:02:49.393 - INFO  [  restartedMain] rMethodMapping$MappingRegistry : Mapped "{[/hairstylist/setTime/{myOpenid}],methods=[POST]}" onto public java.util.Map com.gaocimi.flashpig.controller.HairstylistController.setTime(java.lang.String,int[])
2019-10-11 19:02:49.393 - INFO  [  restartedMain] rMethodMapping$MappingRegistry : Mapped "{[/hairstylist/{myOpenid}/{hairstylistId}],methods=[GET]}" onto public java.util.Map com.gaocimi.flashpig.controller.HairstylistController.getOne(java.lang.String,java.lang.Integer)
2019-10-11 19:02:49.394 - INFO  [  restartedMain] rMethodMapping$MappingRegistry : Mapped "{[/hairstylists/all/{myOpenid}],methods=[GET]}" onto public java.util.Map com.gaocimi.flashpig.controller.HairstylistController.getPage(java.lang.String,int,int)
2019-10-11 19:02:49.394 - INFO  [  restartedMain] rMethodMapping$MappingRegistry : Mapped "{[/hairstylist/getServiceList/{myOpenid}],methods=[GET]}" onto public java.util.Map com.gaocimi.flashpig.controller.HairstylistController.getServiceList(java.lang.String)
2019-10-11 19:02:49.395 - INFO  [  restartedMain] rMethodMapping$MappingRegistry : Mapped "{[/hairstylist/register/apply],methods=[POST]}" onto public java.util.Map com.gaocimi.flashpig.controller.HairstylistController.addHairstylist(com.gaocimi.flashpig.entity.Hairstylist,int[],java.util.List<java.lang.String>,java.util.List<java.lang.String>,java.util.List<java.lang.Double>,java.util.List<java.lang.String>)
2019-10-11 19:02:49.395 - INFO  [  restartedMain] rMethodMapping$MappingRegistry : Mapped "{[/hairstylist/getOrderList/{myOpenid}],methods=[GET]}" onto public java.util.Map com.gaocimi.flashpig.controller.HairstylistController.getOrderList(java.lang.String,int)
2019-10-11 19:02:49.395 - INFO  [  restartedMain] rMethodMapping$MappingRegistry : Mapped "{[/hairstylist/getImageUrlList/{myOpenid}],methods=[GET]}" onto public java.util.Map com.gaocimi.flashpig.controller.HairstylistController.getImageUrlList(java.lang.String)
2019-10-11 19:02:49.396 - INFO  [  restartedMain] rMethodMapping$MappingRegistry : Mapped "{[/hairstylist/addImageUrlList/{myOpenid}],methods=[POST]}" onto public java.util.Map com.gaocimi.flashpig.controller.HairstylistController.addImageUrlList(java.lang.String,java.util.List<java.lang.String>)
2019-10-11 19:02:49.396 - INFO  [  restartedMain] rMethodMapping$MappingRegistry : Mapped "{[/hairstylist/deleteImageUrlList/{myOpenid}],methods=[DELETE]}" onto public java.util.Map com.gaocimi.flashpig.controller.HairstylistController.deleteImageUrlList(java.lang.String,int)
2019-10-11 19:02:49.396 - INFO  [  restartedMain] rMethodMapping$MappingRegistry : Mapped "{[/hairstylist/{myOpenid}/{hairstylistId}],methods=[DELETE]}" onto public java.util.Map com.gaocimi.flashpig.controller.HairstylistController.deleteHairstylist(java.lang.String,java.lang.Integer)
2019-10-11 19:02:49.397 - INFO  [  restartedMain] rMethodMapping$MappingRegistry : Mapped "{[/hairstylist/{myOpenid}],methods=[PUT]}" onto public java.util.Map com.gaocimi.flashpig.controller.HairstylistController.updateHairstylist(java.lang.String,int,java.lang.String,java.lang.String,java.lang.String,java.lang.String,java.lang.String,java.lang.String,java.lang.String,java.lang.String,java.lang.Double,java.lang.Double,java.util.List<java.lang.String>,java.util.List<java.lang.String>,java.util.List<java.lang.Double>)
2019-10-11 19:02:49.398 - INFO  [  restartedMain] rMethodMapping$MappingRegistry : Mapped "{[/policy/get],methods=[GET]}" onto public java.lang.String com.gaocimi.flashpig.controller.OssAccessController.login(java.lang.String)
2019-10-11 19:02:49.399 - INFO  [  restartedMain] rMethodMapping$MappingRegistry : Mapped "{[/recordHairstylisToUser/{recordHairstylisToUserId}],methods=[GET]}" onto public com.gaocimi.flashpig.entity.RecordHairstylisToUser com.gaocimi.flashpig.controller.RecordHairstylisToUserController.getOne(java.lang.Integer)
2019-10-11 19:02:49.399 - INFO  [  restartedMain] rMethodMapping$MappingRegistry : Mapped "{[/recordHairstylisToUsers],methods=[GET]}" onto public org.springframework.data.domain.Page<com.gaocimi.flashpig.entity.RecordHairstylisToUser> com.gaocimi.flashpig.controller.RecordHairstylisToUserController.getPage(int,int,java.lang.String)
2019-10-11 19:02:49.399 - INFO  [  restartedMain] rMethodMapping$MappingRegistry : Mapped "{[/recordHairstylisToUser],methods=[PUT]}" onto public int com.gaocimi.flashpig.controller.RecordHairstylisToUserController.updateRecordHairstylisToUser(com.gaocimi.flashpig.entity.RecordHairstylisToUser)
2019-10-11 19:02:49.400 - INFO  [  restartedMain] rMethodMapping$MappingRegistry : Mapped "{[/recordHairstylisToUser],methods=[POST]}" onto public int com.gaocimi.flashpig.controller.RecordHairstylisToUserController.addRecordHairstylisToUser(com.gaocimi.flashpig.entity.RecordHairstylisToUser)
2019-10-11 19:02:49.400 - INFO  [  restartedMain] rMethodMapping$MappingRegistry : Mapped "{[/recordHairstylisToUser/{recordHairstylisToUserId}],methods=[DELETE]}" onto public int com.gaocimi.flashpig.controller.RecordHairstylisToUserController.deleteRecordHairstylisToUser(java.lang.Integer)
2019-10-11 19:02:49.401 - INFO  [  restartedMain] rMethodMapping$MappingRegistry : Mapped "{[/user/{userId}],methods=[GET]}" onto public com.gaocimi.flashpig.entity.User com.gaocimi.flashpig.controller.UserController.getOne(java.lang.Integer)
2019-10-11 19:02:49.401 - INFO  [  restartedMain] rMethodMapping$MappingRegistry : Mapped "{[/user],methods=[POST]}" onto public int com.gaocimi.flashpig.controller.UserController.addUser(com.gaocimi.flashpig.entity.User)
2019-10-11 19:02:49.402 - INFO  [  restartedMain] rMethodMapping$MappingRegistry : Mapped "{[/users],methods=[GET]}" onto public org.springframework.data.domain.Page<com.gaocimi.flashpig.entity.User> com.gaocimi.flashpig.controller.UserController.getPage(int,int)
2019-10-11 19:02:49.402 - INFO  [  restartedMain] rMethodMapping$MappingRegistry : Mapped "{[/user/{userId}],methods=[DELETE]}" onto public int com.gaocimi.flashpig.controller.UserController.deleteUser(java.lang.Integer)
2019-10-11 19:02:49.402 - INFO  [  restartedMain] rMethodMapping$MappingRegistry : Mapped "{[/user],methods=[PUT]}" onto public int com.gaocimi.flashpig.controller.UserController.updateUser(com.gaocimi.flashpig.entity.User)
2019-10-11 19:02:49.403 - INFO  [  restartedMain] rMethodMapping$MappingRegistry : Mapped "{[/wxLogin],methods=[POST]}" onto public com.gaocimi.flashpig.model.WXSessionModel com.gaocimi.flashpig.controller.WXLoginController.wxLogin(java.lang.String)
2019-10-11 19:02:49.405 - INFO  [  restartedMain] rMethodMapping$MappingRegistry : Mapped "{[/user/info],methods=[GET]}" onto public java.lang.String com.gaocimi.flashpig.controller.WxMaUserController.info(java.lang.String,java.lang.String,java.lang.String,java.lang.String,java.lang.String)
2019-10-11 19:02:49.406 - INFO  [  restartedMain] rMethodMapping$MappingRegistry : Mapped "{[/user/login],methods=[GET]}" onto public java.lang.String com.gaocimi.flashpig.controller.WxMaUserController.login(java.lang.String)
2019-10-11 19:02:49.406 - INFO  [  restartedMain] rMethodMapping$MappingRegistry : Mapped "{[/unifiedOrder],methods=[POST]}" onto public com.github.binarywang.wxpay.bean.result.WxPayUnifiedOrderResult com.gaocimi.flashpig.controller.WxMaUserController.unifiedOrder(com.github.binarywang.wxpay.bean.request.WxPayUnifiedOrderRequest) throws com.github.binarywang.wxpay.exception.WxPayException
2019-10-11 19:02:49.406 - INFO  [  restartedMain] rMethodMapping$MappingRegistry : Mapped "{[/user/phone],methods=[GET]}" onto public java.lang.String com.gaocimi.flashpig.controller.WxMaUserController.phone(java.lang.String,java.lang.String,java.lang.String,java.lang.String,java.lang.String)
2019-10-11 19:02:49.407 - INFO  [  restartedMain] rMethodMapping$MappingRegistry : Mapped "{[/createOrder],methods=[POST]}" onto public <T> T com.gaocimi.flashpig.controller.WxMaUserController.createOrder(com.github.binarywang.wxpay.bean.request.WxPayUnifiedOrderRequest) throws com.github.binarywang.wxpay.exception.WxPayException
2019-10-11 19:02:49.407 - INFO  [  restartedMain] rMethodMapping$MappingRegistry : Mapped "{[/notify/order],methods=[POST]}" onto public java.lang.String com.gaocimi.flashpig.controller.WxMaUserController.parseOrderNotifyResult(java.lang.String) throws com.github.binarywang.wxpay.exception.WxPayException
2019-10-11 19:02:49.411 - INFO  [  restartedMain] rMethodMapping$MappingRegistry : Mapped "{[/swagger-resources/configuration/security]}" onto public org.springframework.http.ResponseEntity<springfox.documentation.swagger.web.SecurityConfiguration> springfox.documentation.swagger.web.ApiResourceController.securityConfiguration()
2019-10-11 19:02:49.411 - INFO  [  restartedMain] rMethodMapping$MappingRegistry : Mapped "{[/swagger-resources]}" onto public org.springframework.http.ResponseEntity<java.util.List<springfox.documentation.swagger.web.SwaggerResource>> springfox.documentation.swagger.web.ApiResourceController.swaggerResources()
2019-10-11 19:02:49.411 - INFO  [  restartedMain] rMethodMapping$MappingRegistry : Mapped "{[/swagger-resources/configuration/ui]}" onto public org.springframework.http.ResponseEntity<springfox.documentation.swagger.web.UiConfiguration> springfox.documentation.swagger.web.ApiResourceController.uiConfiguration()
2019-10-11 19:02:49.413 - INFO  [  restartedMain] rMethodMapping$MappingRegistry : Mapped "{[/error]}" onto public org.springframework.http.ResponseEntity<java.util.Map<java.lang.String, java.lang.Object>> org.springframework.boot.autoconfigure.web.servlet.error.BasicErrorController.error(javax.servlet.http.HttpServletRequest)
2019-10-11 19:02:49.414 - INFO  [  restartedMain] rMethodMapping$MappingRegistry : Mapped "{[/error],produces=[text/html]}" onto public org.springframework.web.servlet.ModelAndView org.springframework.boot.autoconfigure.web.servlet.error.BasicErrorController.errorHtml(javax.servlet.http.HttpServletRequest,javax.servlet.http.HttpServletResponse)
2019-10-11 19:02:49.456 - INFO  [  restartedMain] edRequestMappingHandlerMapping : Mapped URL path [/v2/api-docs] onto method [public org.springframework.http.ResponseEntity<springfox.documentation.spring.web.json.Json> springfox.documentation.swagger2.web.Swagger2Controller.getDocumentation(java.lang.String,javax.servlet.http.HttpServletRequest)]
2019-10-11 19:02:49.473 - INFO  [  restartedMain] .s.h.AbstractUrlHandlerMapping : Mapped URL path [/**/favicon.ico] onto handler of type [class org.springframework.web.servlet.resource.ResourceHttpRequestHandler]
2019-10-11 19:02:49.518 - INFO  [  restartedMain] a.RequestMappingHandlerAdapter : Looking for @ControllerAdvice: org.springframework.boot.web.servlet.context.AnnotationConfigServletWebServerApplicationContext@7e3f3c1e: startup date [Fri Oct 11 19:02:47 CST 2019]; root of context hierarchy
2019-10-11 19:02:49.523 - INFO  [  restartedMain] a.RequestMappingHandlerAdapter : Detected ResponseBodyAdvice bean in responseResultHandler
2019-10-11 19:02:49.529 - INFO  [  restartedMain] .s.h.AbstractUrlHandlerMapping : Mapped URL path [/webjars/**] onto handler of type [class org.springframework.web.servlet.resource.ResourceHttpRequestHandler]
2019-10-11 19:02:49.529 - INFO  [  restartedMain] .s.h.AbstractUrlHandlerMapping : Mapped URL path [/**] onto handler of type [class org.springframework.web.servlet.resource.ResourceHttpRequestHandler]
2019-10-11 19:02:49.537 - INFO  [  restartedMain] eptionHandlerExceptionResolver : Detected @ExceptionHandler methods in globalExceptionHandler
2019-10-11 19:02:49.538 - INFO  [  restartedMain] eptionHandlerExceptionResolver : Detected ResponseBodyAdvice implementation in responseResultHandler
2019-10-11 19:02:49.632 - INFO  [  restartedMain] b.d.a.OptionalLiveReloadServer : LiveReload server is running on port 35729
2019-10-11 19:02:49.660 - INFO  [  restartedMain] o.s.j.e.MBeanExporter          : Registering beans for JMX exposure on startup
2019-10-11 19:02:49.660 - INFO  [  restartedMain] o.s.j.e.MBeanExporter          : Bean with name 'dataSource' has been autodetected for JMX exposure
2019-10-11 19:02:49.665 - INFO  [  restartedMain] o.s.j.e.MBeanExporter          : Located MBean 'dataSource': registering with JMX server as MBean [com.alibaba.druid.pool:name=dataSource,type=DruidDataSource]
2019-10-11 19:02:49.666 - INFO  [  restartedMain] ecycleProcessor$LifecycleGroup : Starting beans in phase 2147483647
2019-10-11 19:02:49.666 - INFO  [  restartedMain] cumentationPluginsBootstrapper : Context refreshed
2019-10-11 19:02:49.667 - INFO  [  restartedMain] cumentationPluginsBootstrapper : Found 1 custom documentation plugin(s)
2019-10-11 19:02:49.694 - INFO  [  restartedMain] w.s.ApiListingReferenceScanner : Scanning for api listing references
2019-10-11 19:02:49.822 - INFO  [  restartedMain] .CachingOperationNameGenerator : Generating unique operation named: getOneUsingGET_1
2019-10-11 19:02:49.831 - INFO  [  restartedMain] .CachingOperationNameGenerator : Generating unique operation named: getPageUsingGET_1
2019-10-11 19:02:49.847 - INFO  [  restartedMain] .CachingOperationNameGenerator : Generating unique operation named: getOneUsingGET_2
2019-10-11 19:02:49.854 - INFO  [  restartedMain] .CachingOperationNameGenerator : Generating unique operation named: getPageUsingGET_2
2019-10-11 19:02:49.872 - INFO  [  restartedMain] .CachingOperationNameGenerator : Generating unique operation named: loginUsingGET_1
2019-10-11 19:02:49.885 - INFO  [  restartedMain] o.a.j.l.DirectJDKLog           : Starting ProtocolHandler ["http-nio-8080"]
2019-10-11 19:02:49.886 - INFO  [  restartedMain] o.a.j.l.DirectJDKLog           : Using a shared selector for servlet write/read
2019-10-11 19:02:49.890 - INFO  [  restartedMain] o.s.b.w.e.t.TomcatWebServer    : Tomcat started on port(s): 8080 (http) with context path ''
2019-10-11 19:02:49.891 - INFO  [  restartedMain] o.s.b.StartupInfoLogger        : Started ServiceWeiXinApplication in 2.325 seconds (JVM running for 271.252)
2019-10-11 19:02:49.895 - INFO  [  restartedMain] EvaluationDeltaLoggingListener : Condition evaluation unchanged
2019-10-11 19:03:06.063 - INFO  [nio-8080-exec-3] o.a.j.l.DirectJDKLog           : Initializing Spring FrameworkServlet 'dispatcherServlet'
2019-10-11 19:03:06.064 - INFO  [nio-8080-exec-3] o.s.w.s.FrameworkServlet       : FrameworkServlet 'dispatcherServlet': initialization started
2019-10-11 19:03:06.073 - INFO  [nio-8080-exec-3] o.s.w.s.FrameworkServlet       : FrameworkServlet 'dispatcherServlet': initialization completed in 9 ms
2019-10-11 19:03:06.079 - INFO  [nio-8080-exec-3] ueryTranslatorFactoryInitiator : HHH000397: Using ASTQueryTranslatorFactory
